{
  "RSpec": {
    "coverage": {
      "/home/xoho/projects/ottrtax/app/helpers/application_helper.rb": [
        1,
        1,
        1,
        null,
        0,
        null,
        0,
        null,
        1,
        null,
        0,
        null,
        0,
        null,
        null,
        null
      ],
      "/home/xoho/projects/ottrtax/app/helpers/documents_helper.rb": [
        1,
        null
      ],
      "/home/xoho/projects/ottrtax/app/helpers/pages_helper.rb": [
        1,
        null
      ],
      "/home/xoho/projects/ottrtax/app/helpers/users_helper.rb": [
        1,
        null
      ],
      "/home/xoho/projects/ottrtax/app/helpers/verifications_helper.rb": [
        1,
        null
      ],
      "/home/xoho/projects/ottrtax/app/models/ssn_code.rb": [
        1,
        1,
        null
      ],
      "/home/xoho/projects/ottrtax/app/models/role.rb": [
        1,
        1,
        null,
        null,
        1,
        null,
        null,
        null,
        null,
        1,
        null,
        null,
        null,
        1,
        null
      ],
      "/home/xoho/projects/ottrtax/app/controllers/users/sessions_controller.rb": [
        1,
        1,
        null,
        1,
        null,
        1,
        2,
        0,
        0,
        0,
        null,
        null,
        null
      ],
      "/home/xoho/projects/ottrtax/app/controllers/application_controller.rb": [
        1,
        1,
        null,
        1,
        1,
        1,
        null,
        null
      ],
      "/home/xoho/projects/ottrtax/app/models/ahoy/visit.rb": [
        1,
        1,
        null,
        1,
        1,
        null
      ],
      "/home/xoho/projects/ottrtax/app/controllers/documents_controller.rb": [
        1,
        1,
        1,
        null,
        null,
        null,
        1,
        1,
        null,
        null,
        null,
        null,
        1,
        0,
        0,
        null,
        null,
        1,
        0,
        0,
        null,
        0,
        null,
        null,
        1,
        0,
        0,
        null,
        null,
        1,
        0,
        null,
        null,
        null,
        1,
        null,
        null,
        null,
        null,
        1,
        0,
        0,
        0,
        0,
        0,
        0,
        null,
        0,
        0,
        null,
        null,
        null,
        null,
        null,
        null,
        1,
        0,
        0,
        0,
        0,
        null,
        0,
        0,
        null,
        null,
        null,
        null,
        null,
        null,
        1,
        0,
        0,
        0,
        0,
        null,
        null,
        null,
        1,
        null,
        1,
        0,
        0,
        0,
        0,
        null,
        null,
        null,
        null,
        1,
        0,
        null,
        null
      ],
      "/home/xoho/projects/ottrtax/app/models/document.rb": [
        1,
        null,
        1,
        null,
        null,
        null,
        null,
        null,
        1,
        0,
        0,
        0,
        null,
        null,
        1,
        1,
        1,
        1,
        1,
        1,
        1,
        1,
        1,
        1,
        1,
        null,
        1,
        0,
        null,
        null,
        null,
        1,
        1,
        1,
        1,
        1,
        1,
        null,
        1,
        1,
        0,
        null,
        null,
        null,
        1,
        0,
        null,
        null,
        1,
        0,
        null,
        null,
        1,
        null,
        1,
        0,
        0,
        0,
        null,
        null,
        1,
        0,
        0,
        0,
        null,
        null
      ],
      "/home/xoho/projects/ottrtax/app/controllers/pages_controller.rb": [
        0,
        0
      ],
      "/home/xoho/projects/ottrtax/app/controllers/user_controller.rb": [
        0,
        0
      ],
      "/home/xoho/projects/ottrtax/app/controllers/users/registrations_controller.rb": [
        0,
        0,
        null,
        0,
        0,
        0,
        0,
        null,
        0,
        0,
        0,
        null,
        0,
        0,
        0,
        0
      ],
      "/home/xoho/projects/ottrtax/app/controllers/verifications_controller.rb": [
        0,
        0,
        null,
        0,
        0,
        0,
        0,
        0,
        0,
        0,
        0,
        0,
        null,
        0,
        0,
        0,
        null,
        0,
        0,
        0,
        0,
        0,
        0,
        null,
        0,
        0,
        0,
        0,
        0,
        0,
        0,
        0,
        0,
        0,
        0,
        0,
        0,
        0,
        0,
        0,
        0,
        null,
        0,
        null,
        0,
        0,
        0,
        null,
        0,
        0,
        0,
        0,
        0,
        0,
        0
      ],
      "/home/xoho/projects/ottrtax/app/models/application_record.rb": [
        0,
        0,
        0
      ],
      "/home/xoho/projects/ottrtax/app/models/ability.rb": [
        0,
        0,
        null,
        0,
        0,
        0,
        0,
        0,
        0,
        0,
        0,
        0
      ],
      "/home/xoho/projects/ottrtax/app/models/user.rb": [
        0,
        0,
        0,
        null,
        null,
        0,
        0,
        null,
        0,
        0,
        0,
        null,
        0,
        0,
        0,
        null,
        0,
        0,
        0,
        0
      ],
      "/home/xoho/projects/ottrtax/app/models/ahoy/event.rb": [
        0,
        0,
        null,
        0,
        null,
        0,
        0,
        0
      ],
      "/home/xoho/projects/ottrtax/app/mailers/application_mailer.rb": [
        0,
        0,
        0,
        null,
        0,
        0,
        0,
        0,
        0,
        0
      ],
      "/home/xoho/projects/ottrtax/app/jobs/application_job.rb": [
        0,
        0
      ],
      "/home/xoho/projects/ottrtax/app/channels/application_cable/channel.rb": [
        0,
        0,
        0,
        0
      ],
      "/home/xoho/projects/ottrtax/app/channels/application_cable/connection.rb": [
        0,
        0,
        0,
        0
      ]
    },
    "timestamp": 1541497814
  }
}
